2023-05-19 00:47:58,976 (0) - Client 4: Batch 0
2023-05-19 00:47:58,986 (10) - Client 4: requests sent: [Q 9 4, Q 9 2, A 6 10, Q 2 1, Q 10 4, D 9 6, Q 8 1, Q 6 9, A 9 1, Q 6 10]
2023-05-19 00:47:58,995 (19) - Client 4: response: [3, 2, 2, -1, 2, -1, 1]
2023-05-19 00:47:59,000 (24) - Client 4: response time: 8 ms
2023-05-19 00:47:59,000 (24) - Client 4: number of requests per second: 50
2023-05-19 00:48:03,000 (4024) - Client 4: Batch 1
2023-05-19 00:48:03,001 (4025) - Client 4: requests sent: [Q 2 6, Q 2 3, A 6 7, A 2 9, D 9 2, A 4 5, Q 9 6, A 3 9, Q 4 2, Q 5 10]
2023-05-19 00:48:11,751 (12775) - Client 4: response: [2, 3, 4, 1, 3]
2023-05-19 00:48:11,751 (12775) - Client 4: response time: 9 ms
2023-05-19 00:48:11,751 (12775) - Client 4: number of requests per second: 50
2023-05-19 00:48:15,752 (16776) - Client 4: Batch 2
2023-05-19 00:48:15,753 (16777) - Client 4: requests sent: [Q 9 8, Q 6 1, A 6 10, D 6 9, Q 10 3, Q 3 7, Q 1 3, D 5 1, Q 2 4, Q 9 8]
2023-05-19 00:48:15,757 (16781) - Client 4: response: [2, 1, 1, 1, 2, 1, 2]
2023-05-19 00:48:15,757 (16781) - Client 4: response time: 4 ms
2023-05-19 00:48:15,758 (16782) - Client 4: number of requests per second: 50
2023-05-19 00:48:19,759 (20783) - Client 4: Batch 3
2023-05-19 00:48:19,760 (20784) - Client 4: requests sent: [D 9 7, D 1 10, A 7 10, Q 8 2, A 6 10, A 5 10, Q 8 4, Q 6 8, Q 10 2, D 6 4]
2023-05-19 00:48:19,764 (20788) - Client 4: response: [2, 2, 2, 3]
2023-05-19 00:48:19,764 (20788) - Client 4: response time: 4 ms
2023-05-19 00:48:19,764 (20788) - Client 4: number of requests per second: 50
2023-05-19 00:48:23,766 (24790) - Client 4: Batch 4
2023-05-19 00:48:23,767 (24791) - Client 4: requests sent: [A 6 8, Q 9 8, D 4 3, Q 8 3, D 10 6, A 2 7, Q 10 4, A 1 8, Q 7 9, Q 10 3]
2023-05-19 00:48:23,771 (24795) - Client 4: response: [2, 1, 2, 1, 2]
2023-05-19 00:48:23,771 (24795) - Client 4: response time: 4 ms
2023-05-19 00:48:23,771 (24795) - Client 4: number of requests per second: 50
2023-05-19 00:48:27,774 (28798) - Client 4: Batch 5
2023-05-19 00:48:27,775 (28799) - Client 4: requests sent: [D 8 1, Q 6 9, D 9 5, D 4 8, Q 9 6, D 1 6, Q 9 1, A 3 5, Q 5 2, D 3 10]
2023-05-19 00:48:27,779 (28803) - Client 4: response: [2, 2, 1, 2]
2023-05-19 00:48:27,779 (28803) - Client 4: response time: 4 ms
2023-05-19 00:48:27,779 (28803) - Client 4: number of requests per second: 50
2023-05-19 00:48:31,780 (32804) - Client 4: Batch 6
2023-05-19 00:48:31,781 (32805) - Client 4: requests sent: [Q 7 1, D 8 1, Q 5 8, D 2 10, Q 1 3, Q 9 6, Q 7 8, D 4 9, Q 4 9, D 9 4]
2023-05-19 00:48:31,789 (32813) - Client 4: response: [2, 2, 2, 2, 1, 2]
2023-05-19 00:48:31,789 (32813) - Client 4: response time: 8 ms
2023-05-19 00:48:31,789 (32813) - Client 4: number of requests per second: 50
2023-05-19 00:48:35,791 (36815) - Client 4: Batch 7
2023-05-19 00:48:35,792 (36816) - Client 4: requests sent: [D 7 6, Q 7 1, Q 3 9, Q 3 4, D 2 3, A 2 3, Q 9 8, Q 4 7, D 10 3, Q 9 5]
2023-05-19 00:48:35,796 (36820) - Client 4: response: [3, 2, 1, 2, 3, 2]
2023-05-19 00:48:35,796 (36820) - Client 4: response time: 3 ms
2023-05-19 00:48:35,796 (36820) - Client 4: number of requests per second: 50
2023-05-19 00:48:39,796 (40820) - Client 4: Batch 8
2023-05-19 00:48:39,797 (40821) - Client 4: requests sent: [A 6 1, Q 9 4, D 1 6, Q 4 3, Q 7 6, D 8 5, D 3 2, D 7 2, Q 1 10, Q 5 10]
2023-05-19 00:48:39,801 (40825) - Client 4: response: [1, 2, 3, 2, 1]
2023-05-19 00:48:39,801 (40825) - Client 4: response time: 3 ms
2023-05-19 00:48:39,801 (40825) - Client 4: number of requests per second: 50
2023-05-19 00:48:43,802 (44826) - Client 4: Batch 9
2023-05-19 00:48:43,803 (44827) - Client 4: requests sent: [Q 7 2, Q 1 9, A 8 7, A 2 1, Q 2 7, Q 5 9, Q 9 2, D 10 1, D 4 10, D 8 3]
2023-05-19 00:48:43,806 (44830) - Client 4: response: [2, 1, 1, 1, 1]
2023-05-19 00:48:43,806 (44830) - Client 4: response time: 3 ms
2023-05-19 00:48:43,806 (44830) - Client 4: number of requests per second: 50
